--- Copying files at Tue Sep 24 22:22:28 UTC 2024
INSTALLED init.groovy.d/default-user.groovy
INSTALLED init.groovy.d/executors.groovy
INSTALLED plugins/workflow-multibranch.jpi : 783.787.v50539468395f
INSTALLED plugins/blueocean-display-url.jpi : 2.4.3
INSTALLED plugins/workflow-scm-step.jpi : 427.v4ca_6512e7df1
INSTALLED plugins/workflow-aggregator.jpi : 600.vb_57cdd26fdd7
INSTALLED plugins/workflow-api.jpi : 1322.v857eeeea_9902
INSTALLED plugins/mailer.jpi : 472.vf7c289a_4b_420
INSTALLED plugins/credentials.jpi : 1371.vfee6b_095f0a_3
INSTALLED plugins/commons-text-api.jpi : 1.12.0-119.v73ef73f2345d
INSTALLED plugins/blueocean.jpi : 1.27.14
INSTALLED plugins/echarts-api.jpi : 5.5.0-1
INSTALLED plugins/blueocean-commons.jpi : 1.27.14
INSTALLED plugins/credentials-binding.jpi : 681.vf91669a_32e45
INSTALLED plugins/authentication-tokens.jpi : 1.119.v50285141b_7e1
INSTALLED plugins/blueocean-git-pipeline.jpi : 1.27.14
INSTALLED plugins/ionicons-api.jpi : 74.v93d5eb_813d5f
INSTALLED plugins/instance-identity.jpi : 185.v303dc7c645f9
INSTALLED plugins/workflow-durable-task-step.jpi : 1360.v82d13453da_a_f
INSTALLED plugins/blueocean-config.jpi : 1.27.14
INSTALLED plugins/cloudbees-folder.jpi : 6.928.v7c780211d66e
INSTALLED plugins/pubsub-light.jpi : 1.18
INSTALLED plugins/gson-api.jpi : 2.11.0-41.v019fcf6125dc
INSTALLED plugins/pipeline-model-api.jpi : 2.2205.vc9522a_9d5711
INSTALLED plugins/display-url-api.jpi : 2.204.vf6fddd8a_8b_e9
INSTALLED plugins/jjwt-api.jpi : 0.11.5-112.ve82dfb_224b_a_d
INSTALLED plugins/ssh-credentials.jpi : 343.v884f71d78167
INSTALLED plugins/git-client.jpi : 5.0.0
INSTALLED plugins/structs.jpi : 338.v848422169819
INSTALLED plugins/jaxb.jpi : 2.3.9-1
INSTALLED plugins/pipeline-model-extensions.jpi : 2.2205.vc9522a_9d5711
INSTALLED plugins/blueocean-dashboard.jpi : 1.27.14
INSTALLED plugins/workflow-step-api.jpi : 678.v3ee58b_469476
INSTALLED plugins/durable-task.jpi : 555.v6802fe0f0b_82
INSTALLED plugins/joda-time-api.jpi : 2.12.7-29.v5a_b_e3a_82269a_
INSTALLED plugins/favorite.jpi : 2.218.vd60382506538
INSTALLED plugins/workflow-cps.jpi : 3908.vd6b_b_5a_a_54010
INSTALLED plugins/github-api.jpi : 1.321-468.v6a_9f5f2d5a_7e
INSTALLED plugins/matrix-project.jpi : 832.va_66e270d2946
INSTALLED plugins/blueocean-github-pipeline.jpi : 1.27.14
INSTALLED plugins/pipeline-model-definition.jpi : 2.2205.vc9522a_9d5711
INSTALLED plugins/cloudbees-bitbucket-branch-source.jpi : 888.v8e6d479a_1730
INSTALLED plugins/pipeline-build-step.jpi : 540.vb_e8849e1a_b_d8
INSTALLED plugins/bootstrap5-api.jpi : 5.3.3-1
INSTALLED plugins/junit.jpi : 1279.v72cf99b_25c43
INSTALLED plugins/blueocean-jwt.jpi : 1.27.14
INSTALLED plugins/caffeine-api.jpi : 3.1.8-133.v17b_1ff2e0599
INSTALLED plugins/sse-gateway.jpi : 1.27
INSTALLED plugins/docker-commons.jpi : 439.va_3cb_0a_6a_fb_29
INSTALLED plugins/commons-lang3-api.jpi : 3.14.0-76.vda_5591261cfe
INSTALLED plugins/job-dsl.jpi : 1.87
INSTALLED plugins/json-api.jpi : 20240303-41.v94e11e6de726
INSTALLED plugins/blueocean-bitbucket-pipeline.jpi : 1.27.14
INSTALLED plugins/jakarta-activation-api.jpi : 2.1.3-1
INSTALLED plugins/htmlpublisher.jpi : 1.36
INSTALLED plugins/blueocean-personalization.jpi : 1.27.14
INSTALLED plugins/blueocean-core-js.jpi : 1.27.14
INSTALLED plugins/pipeline-groovy-lib.jpi : 727.ve832a_9244dfa_
INSTALLED plugins/workflow-basic-steps.jpi : 1058.vcb_fc1e3a_21a_9
INSTALLED plugins/blueocean-i18n.jpi : 1.27.14
INSTALLED plugins/blueocean-pipeline-scm-api.jpi : 1.27.14
INSTALLED plugins/pipeline-stage-step.jpi : 312.v8cd10304c27a_
INSTALLED plugins/workflow-support.jpi : 920.v59f71ce16f04
INSTALLED plugins/apache-httpcomponents-client-4-api.jpi : 4.5.14-208.v438351942757
INSTALLED plugins/blueocean-web.jpi : 1.27.14
INSTALLED plugins/javax-activation-api.jpi : 1.2.0-7
INSTALLED plugins/blueocean-rest.jpi : 1.27.14
INSTALLED plugins/scm-api.jpi : 696.v778d637b_a_762
INSTALLED plugins/pipeline-input-step.jpi : 495.ve9c153f6067b_
INSTALLED plugins/github.jpi : 1.39.0
INSTALLED plugins/token-macro.jpi : 400.v35420b_922dcb_
INSTALLED plugins/pipeline-graph-analysis.jpi : 216.vfd8b_ece330ca_
INSTALLED plugins/variant.jpi : 60.v7290fc0eb_b_cd
INSTALLED plugins/blueocean-events.jpi : 1.27.14
INSTALLED plugins/workflow-job.jpi : 1400.v7fd111b_ec82f
INSTALLED plugins/plain-credentials.jpi : 183.va_de8f1dd5a_2b_
INSTALLED plugins/jquery3-api.jpi : 3.7.1-2
INSTALLED plugins/checks-api.jpi : 2.2.0
INSTALLED plugins/git.jpi : 5.2.2
INSTALLED plugins/blueocean-rest-impl.jpi : 1.27.14
INSTALLED plugins/mina-sshd-api-core.jpi : 2.13.1-117.v2f1a_b_66ff91d
INSTALLED plugins/blueocean-pipeline-api-impl.jpi : 1.27.14
INSTALLED plugins/pipeline-stage-tags-metadata.jpi : 2.2205.vc9522a_9d5711
INSTALLED plugins/github-branch-source.jpi : 1790.v5a_7859812c8d
INSTALLED plugins/matrix-auth.jpi : 3.2.2
INSTALLED plugins/mina-sshd-api-common.jpi : 2.13.1-117.v2f1a_b_66ff91d
INSTALLED plugins/script-security.jpi : 1341.va_2819b_414686
INSTALLED plugins/blueocean-pipeline-editor.jpi : 1.27.14
INSTALLED plugins/bouncycastle-api.jpi : 2.30.1.78.1-248.ve27176eb_46cb_
INSTALLED plugins/snakeyaml-api.jpi : 2.2-111.vc6598e30cc65
INSTALLED plugins/jackson2-api.jpi : 2.17.0-379.v02de8ec9f64c
INSTALLED plugins/okhttp-api.jpi : 4.11.0-172.vda_da_1feeb_c6e
INSTALLED plugins/branch-api.jpi : 2.1178.v969d9eb_c728e
INSTALLED plugins/docker-workflow.jpi : 580.vc0c340686b_54
INSTALLED plugins/jakarta-mail-api.jpi : 2.1.3-1
INSTALLED plugins/handy-uri-templates-2-api.jpi : 2.1.8-30.v7e777411b_148
INSTALLED plugins/json-path-api.jpi : 2.9.0-58.v62e3e85b_a_655
INSTALLED plugins/pipeline-milestone-step.jpi : 119.vdfdc43fc3b_9a_
INSTALLED plugins/jenkins-design-language.jpi : 1.27.14
INSTALLED plugins/plugin-util-api.jpi : 4.1.0
INSTALLED plugins/font-awesome-api.jpi : 6.5.2-1
INSTALLED plugins/asm-api.jpi : 9.7-33.v4d23ef79fcc8
